ď»ż
> m5-sw-t@0.1.0 build
> next build

  Î“Ă»â–“ Next.js 14.2.13
  - Environments: .env.local

   Creating an optimized production build ...
 Î“ÂŁĂ´ Compiled successfully
   Skipping linting
   Checking validity of types ...
   Collecting page data ...
   Generating static pages (0/137) ...
   Generating static pages (34/137) 
   Generating static pages (68/137) 
   Generating static pages (102/137) 
 Î“ÂŁĂ´ Generating static pages (137/137)
   Finalizing page optimization ...
   Collecting build traces ...

Route (app)                               Size     First Load JS
Î“Ă¶Ă® Î“ĂąĂŻ /                                     202 kB          768 kB
Î“Ă¶ÂŁ Î“ĂąĂŻ /_not-found                           143 B          90.7 kB
Î“Ă¶ÂŁ Î“ĂąĂŻ /login                                211 B           299 kB
Î“Ă¶ÂŁ Î“ĂąĂŻ /pages/account-ledger                 6.86 kB         176 kB
Î“Ă¶ÂŁ Î“ĂąĂŻ /pages/account-ledger-mail            5.54 kB         181 kB
Î“Ă¶ÂŁ Î“ĂąĂŻ /pages/airwaybill-log                 4.47 kB         173 kB
Î“Ă¶ÂŁ Î“ĂąĂŻ /pages/alert-messages                 4.44 kB         175 kB
Î“Ă¶ÂŁ Î“ĂąĂŻ /pages/amount-log                     6.18 kB         301 kB
Î“Ă¶ÂŁ Î“ĂąĂŻ /pages/api-management                 10.3 kB         321 kB
Î“Ă¶ÂŁ Î“ĂąĂŻ /pages/assign-customer                7.64 kB         318 kB
Î“Ă¶ÂŁ Î“ĂąĂŻ /pages/assign-sector                  4 kB            154 kB
Î“Ă¶ÂŁ Î“ĂąĂŻ /pages/auto-calculation               8.64 kB         179 kB
Î“Ă¶ÂŁ Î“ĂąĂŻ /pages/awb-billing                    18.5 kB         208 kB
Î“Ă¶ÂŁ Î“ĂąĂŻ /pages/awb-entry                      21.2 kB         194 kB
Î“Ă¶ÂŁ Î“ĂąĂŻ /pages/awb-print                      10.6 kB         347 kB
Î“Ă¶ÂŁ Î“ĂąĂŻ /pages/bag-report                     6.71 kB         175 kB
Î“Ă¶ÂŁ Î“ĂąĂŻ /pages/bagging                        13 kB           324 kB
Î“Ă¶ÂŁ Î“ĂąĂŻ /pages/bagging-with-barcode           12 kB           323 kB
Î“Ă¶ÂŁ Î“ĂąĂŻ /pages/booking-report                 6.63 kB         175 kB
Î“Ă¶ÂŁ Î“ĂąĂŻ /pages/booking-report-with-amount     15.5 kB         327 kB
Î“Ă¶ÂŁ Î“ĂąĂŻ /pages/booking-with-sale              6.58 kB         175 kB
Î“Ă¶ÂŁ Î“ĂąĂŻ /pages/branch-bagging                 9.35 kB         181 kB
Î“Ă¶ÂŁ Î“ĂąĂŻ /pages/branch-manifest-report         11 kB           319 kB
Î“Ă¶ÂŁ Î“ĂąĂŻ /pages/branch-master                  8.93 kB         320 kB
Î“Ă¶ÂŁ Î“ĂąĂŻ /pages/bulk-invoice                   4.68 kB         172 kB
Î“Ă¶ÂŁ Î“ĂąĂŻ /pages/bulk-invoice-delete            5.07 kB         177 kB
Î“Ă¶ÂŁ Î“ĂąĂŻ /pages/bulk-upload                    12.1 kB         320 kB
Î“Ă¶ÂŁ Î“ĂąĂŻ /pages/ChildAwbNoReport               4.43 kB         173 kB
Î“Ă¶ÂŁ Î“ĂąĂŻ /pages/claim-for-lost-shipment        1.79 kB         149 kB
Î“Ă¶ÂŁ Î“ĂąĂŻ /pages/claim-for-lost-ss              296 B           145 kB
Î“Ă¶ÂŁ Î“ĂąĂŻ /pages/client-report                  3.43 kB         152 kB
Î“Ă¶ÂŁ Î“ĂąĂŻ /pages/club-report                    3.98 kB         153 kB
Î“Ă¶ÂŁ Î“ĂąĂŻ /pages/clubbing                       7.83 kB         177 kB
Î“Ă¶ÂŁ Î“ĂąĂŻ /pages/complaint-report               6.42 kB         321 kB
Î“Ă¶ÂŁ Î“ĂąĂŻ /pages/counter-part-inscan            2.37 kB         143 kB
Î“Ă¶ÂŁ Î“ĂąĂŻ /pages/create-child-number            5.37 kB         176 kB
Î“Ă¶ÂŁ Î“ĂąĂŻ /pages/credit-limit-report            6.69 kB         315 kB
Î“Ă¶ÂŁ Î“ĂąĂŻ /pages/credit-limit-report-with-days  2.15 kB         145 kB
Î“Ă¶ÂŁ Î“ĂąĂŻ /pages/credit-limit-temp              9.58 kB         436 kB
Î“Ă¶ÂŁ Î“ĂąĂŻ /pages/credit-note                    5.96 kB         177 kB
Î“Ă¶ÂŁ Î“ĂąĂŻ /pages/credit-note-summary-awb-wise   11.9 kB         716 kB
Î“Ă¶ÂŁ Î“ĂąĂŻ /pages/credit-summary-report          7.07 kB         318 kB
Î“Ă¶ÂŁ Î“ĂąĂŻ /pages/csb-v-report                   3.73 kB         146 kB
Î“Ă¶ÂŁ Î“ĂąĂŻ /pages/custom-Invoice                 11.7 kB         337 kB
Î“Ă¶ÂŁ Î“ĂąĂŻ /pages/custom-reports                 3.71 kB         155 kB
Î“Ă¶ÂŁ Î“ĂąĂŻ /pages/customer-account               26.6 kB         367 kB
Î“Ă¶ÂŁ Î“ĂąĂŻ /pages/customer-discount              4.39 kB         176 kB
Î“Ă¶ÂŁ Î“ĂąĂŻ /pages/data-lock                      4.01 kB         151 kB
Î“Ă¶ÂŁ Î“ĂąĂŻ /pages/day-wise-sale-report           5.06 kB         411 kB
Î“Ă¶ÂŁ Î“ĂąĂŻ /pages/debit-summary-report           7.16 kB         318 kB
Î“Ă¶ÂŁ Î“ĂąĂŻ /pages/debite-note                    5.97 kB         177 kB
Î“Ă¶ÂŁ Î“ĂąĂŻ /pages/delete-shipment                5.02 kB         174 kB
Î“Ă¶ÂŁ Î“ĂąĂŻ /pages/digital-tally                  12.8 kB         190 kB
Î“Ă¶ÂŁ Î“ĂąĂŻ /pages/discount-credit-note           2.22 kB         143 kB
Î“Ă¶ÂŁ Î“ĂąĂŻ /pages/discount-credit-ns             2.59 kB         145 kB
Î“Ă¶ÂŁ Î“ĂąĂŻ /pages/dummy-shipment-status-report   5.31 kB         297 kB
Î“Ă¶ÂŁ Î“ĂąĂŻ /pages/edi-report                     4.74 kB         173 kB
Î“Ă¶ÂŁ Î“ĂąĂŻ /pages/email-invoice                  5.75 kB         177 kB
Î“Ă¶ÂŁ Î“ĂąĂŻ /pages/entity-manager                 13.2 kB         323 kB
Î“Ă¶ÂŁ Î“ĂąĂŻ /pages/event-activity                 7.89 kB         322 kB
Î“Ă¶ÂŁ Î“ĂąĂŻ /pages/ExpenseEntry                   4.39 kB         309 kB
Î“Ă¶ÂŁ Î“ĂąĂŻ /pages/extra-charges                  13.2 kB         202 kB
Î“Ă¶ÂŁ Î“ĂąĂŻ /pages/forwarding-number-report       7.09 kB         489 kB
Î“Ă¶ÂŁ Î“ĂąĂŻ /pages/fuel-setting                   3.4 kB          175 kB
Î“Ă¶ÂŁ Î“ĂąĂŻ /pages/hubInscan                      2.93 kB         144 kB
Î“Ă¶ÂŁ Î“ĂąĂŻ /pages/hubInscan-client               3.02 kB         144 kB
Î“Ă¶ÂŁ Î“ĂąĂŻ /pages/international-pickup-order     4.03 kB         288 kB
Î“Ă¶ÂŁ Î“ĂąĂŻ /pages/Invoice                        11.6 kB         314 kB
Î“Ă¶ÂŁ Î“ĂąĂŻ /pages/invoice-ptp                    19.8 kB         365 kB
Î“Ă¶ÂŁ Î“ĂąĂŻ /pages/invoice-ptp-summary            8.46 kB         458 kB
Î“Ă¶ÂŁ Î“ĂąĂŻ /pages/invoice-summary                7.69 kB         319 kB
Î“Ă¶ÂŁ Î“ĂąĂŻ /pages/labels/ams-dpd                 2.28 kB         143 kB
Î“Ă¶ÂŁ Î“ĂąĂŻ /pages/labels/courier-please          7.06 kB         174 kB
Î“Ă¶ÂŁ Î“ĂąĂŻ /pages/labels/cp                      2.27 kB         143 kB
Î“Ă¶ÂŁ Î“ĂąĂŻ /pages/labels/lhr-fedex               2.29 kB         143 kB
Î“Ă¶ÂŁ Î“ĂąĂŻ /pages/labels/uk-dpd                  7.45 kB         174 kB
Î“Ă¶ÂŁ Î“ĂąĂŻ /pages/labels/yvr-ups                 6.68 kB         174 kB
Î“Ă¶ÂŁ Î“ĂąĂŻ /pages/labels/yyz-ups                 7.23 kB         174 kB
Î“Ă¶ÂŁ Î“ĂąĂŻ /pages/manifest                       7.12 kB         181 kB
Î“Ă¶ÂŁ Î“ĂąĂŻ /pages/manifest-close                 2.31 kB         171 kB
Î“Ă¶ÂŁ Î“ĂąĂŻ /pages/manifest-report                8.17 kB         188 kB
Î“Ă¶ÂŁ Î“ĂąĂŻ /pages/manifest-report-d              4.81 kB         173 kB
Î“Ă¶ÂŁ Î“ĂąĂŻ /pages/message-circular               10.5 kB         175 kB
Î“Ă¶ÂŁ Î“ĂąĂŻ /pages/message-sheet                  5.17 kB         174 kB
Î“Ă¶ÂŁ Î“ĂąĂŻ /pages/modified-shipper-tariff        4.05 kB         176 kB
Î“Ă¶ÂŁ Î“ĂąĂŻ /pages/month-files                    2.07 kB         171 kB
Î“Ă¶ÂŁ Î“ĂąĂŻ /pages/month-sale                     4.24 kB         313 kB
Î“Ă¶ÂŁ Î“ĂąĂŻ /pages/multiple-run-wise              5.78 kB         154 kB
Î“Ă¶ÂŁ Î“ĂąĂŻ /pages/new-booking-report             6.81 kB         176 kB
Î“Ă¶ÂŁ Î“ĂąĂŻ /pages/new-sale-report                6.19 kB         158 kB
Î“Ă¶ÂŁ Î“ĂąĂŻ /pages/newdemobutton                  915 B           105 kB
Î“Ă¶ÂŁ Î“ĂąĂŻ /pages/offload-shipment               5.76 kB         181 kB
Î“Ă¶ÂŁ Î“ĂąĂŻ /pages/overseas-manifest              30.7 kB         537 kB
Î“Ă¶ÂŁ Î“ĂąĂŻ /pages/payment-collection-report      8.54 kB         180 kB
Î“Ă¶ÂŁ Î“ĂąĂŻ /pages/payment-entry                  9.68 kB         436 kB
Î“Ă¶ÂŁ Î“ĂąĂŻ /pages/payment-receipt-summary        3.15 kB         155 kB
Î“Ă¶ÂŁ Î“ĂąĂŻ /pages/poa-entry                      35.3 kB         472 kB
Î“Ă¶ÂŁ Î“ĂąĂŻ /pages/pod-email                      3.8 kB          176 kB
Î“Ă¶ÂŁ Î“ĂąĂŻ /pages/pod-entry                      6.01 kB         314 kB
Î“Ă¶ÂŁ Î“ĂąĂŻ /pages/portal-balance                 5.55 kB         173 kB
Î“Ă¶ÂŁ Î“ĂąĂŻ /pages/portal-ticket-details          3.93 kB         155 kB
Î“Ă¶ÂŁ Î“ĂąĂŻ /pages/quick-inscan                   4.12 kB         175 kB
Î“Ă¶ÂŁ Î“ĂąĂŻ /pages/rate-calculator                4.71 kB         172 kB
Î“Ă¶ÂŁ Î“ĂąĂŻ /pages/rate-hike                      6.8 kB          178 kB
Î“Ă¶ÂŁ Î“ĂąĂŻ /pages/rate-sheet                     8.57 kB         180 kB
Î“Ă¶ÂŁ Î“ĂąĂŻ /pages/register-complaint             1.65 kB         184 kB
Î“Ă¶ÂŁ Î“ĂąĂŻ /pages/registered-ticket-details      3.87 kB         155 kB
Î“Ă¶ÂŁ Î“ĂąĂŻ /pages/rto-shipment                   5.93 kB         180 kB
Î“Ă¶ÂŁ Î“ĂąĂŻ /pages/rto-shipment-report            4.97 kB         313 kB
Î“Ă¶ÂŁ Î“ĂąĂŻ /pages/run-entry                      6.63 kB         174 kB
Î“Ă¶ÂŁ Î“ĂąĂŻ /pages/run-number-report              4.01 kB         173 kB
Î“Ă¶ÂŁ Î“ĂąĂŻ /pages/run-process                    4.55 kB         202 kB
Î“Ă¶ÂŁ Î“ĂąĂŻ /pages/run-summary                    5.72 kB         452 kB
Î“Ă¶ÂŁ Î“ĂąĂŻ /pages/run-transfer                   4.37 kB         316 kB
Î“Ă¶ÂŁ Î“ĂąĂŻ /pages/runwise-sale-report            2.41 kB         148 kB
Î“Ă¶ÂŁ Î“ĂąĂŻ /pages/sale-report                    8.31 kB         160 kB
Î“Ă¶ÂŁ Î“ĂąĂŻ /pages/sale-report-with-dummy-number  9.45 kB         321 kB
Î“Ă¶ÂŁ Î“ĂąĂŻ /pages/sale-report-with-hold          10.3 kB         325 kB
Î“Ă¶ÂŁ Î“ĂąĂŻ /pages/sale-summary-sector-wise       6.89 kB         456 kB
Î“Ă¶ÂŁ Î“ĂąĂŻ /pages/sale-with-collection-report    8.22 kB         317 kB
Î“Ă¶ÂŁ Î“ĂąĂŻ /pages/sale-with-total-receiving      15.3 kB         326 kB
Î“Ă¶ÂŁ Î“ĂąĂŻ /pages/shipment-query                 7.07 kB         189 kB
Î“Ă¶ÂŁ Î“ĂąĂŻ /pages/shipment-status-report         5.73 kB         177 kB
Î“Ă¶ÂŁ Î“ĂąĂŻ /pages/shipper-tariff                 5.52 kB         177 kB
Î“Ă¶ÂŁ Î“ĂąĂŻ /pages/shipper-tariff-bulk            6.75 kB         178 kB
Î“Ă¶ÂŁ Î“ĂąĂŻ /pages/tax-settings                   4.27 kB         311 kB
Î“Ă¶ÂŁ Î“ĂąĂŻ /pages/ticket-dashboard               6.6 kB          298 kB
Î“Ă¶ÂŁ Î“ĂąĂŻ /pages/total-outstanding              8.29 kB         320 kB
Î“Ă¶ÂŁ Î“ĂąĂŻ /pages/tracking-report                6.83 kB         179 kB
Î“Ă¶ÂŁ Î“ĂąĂŻ /pages/Update-forwarding-number       4.79 kB         316 kB
Î“Ă¶ÂŁ Î“ĂąĂŻ /pages/upload-irn-number              5.73 kB         317 kB
Î“Ă¶ÂŁ Î“ĂąĂŻ /pages/upload-shipping-bill           4.75 kB         173 kB
Î“Ă¶ÂŁ Î“ĂąĂŻ /pages/vendor-master                  6.59 kB         171 kB
Î“Ă¶ÂŁ Î“ĂąĂŻ /pages/volume-weight                  2.75 kB         151 kB
Î“Ă¶Ă¶ Î“ĂąĂŻ /pages/zone                           16.6 kB         188 kB
+ First Load JS shared by all             90.5 kB
  Î“Ă¶ÂŁ chunks/7023-2d373856d8c30cf2.js       31.8 kB
  Î“Ă¶ÂŁ chunks/fd9d1056-4a8ade5b4d1a5a33.js   53.6 kB
  Î“Ă¶Ă¶ other shared chunks (total)           5.05 kB


Î“ĂąĂŻ  (Static)  prerendered as static content

