
> m5-sw-t@0.1.0 build
> next build

  Γû▓ Next.js 14.2.13
  - Environments: .env.local

   Creating an optimized production build ...
node.exe : Failed to compile.
At line:1 char:1
+ & "C:\Program 
Files\nodejs/node.exe" 
"C:\Program 
Files\nodejs/node_mo ...
+ ~~~~~~~~~~~~~~~~~~~~~~~~~~~~~
~~~~~~~~~~~~~~~~~~~~~~~~~~~~~~~
~~~~~~~~~
    + CategoryInfo          :  
   NotSpecified: (Failed to c  
  ompile.:String) [], Remote   
 Exception
    + FullyQualifiedErrorId :  
   NativeCommandError
 

./app/components/UpdateNotifica
tion.js
Module not found: Can't 
resolve '@tauri-apps/api/tauri'

https://nextjs.org/docs/message
s/module-not-found

Import trace for requested 
module:
./app/components/Sidebar.js
./app/App.js
./app/page.js

./app/components/UpdateNotifica
tion.js
Module not found: Can't 
resolve 
'@tauri-apps/api/updater'

https://nextjs.org/docs/message
s/module-not-found

Import trace for requested 
module:
./app/components/Sidebar.js
./app/App.js
./app/page.js

./app/components/UpdateNotifica
tion.js
Module not found: Can't 
resolve 
'@tauri-apps/api/process'

https://nextjs.org/docs/message
s/module-not-found

Import trace for requested 
module:
./app/components/Sidebar.js
./app/App.js
./app/page.js


> Build failed because of 
webpack errors
